# JRE version: OpenJDK Runtime Environment Temurin-21.0.10+7 (21.0.10+7) (build 21.0.10+7-LTS)
# Java VM: OpenJDK 64-Bit Server VM Temurin-21.0.10+7 (21.0.10+7-LTS, mixed mode, sharing, tiered, compressed oops, compressed class ptrs, parallel gc, windows-amd64)
GC Precious Log:
 CardTable entry size: 512
 CPUs: 12 total, 12 available
 Memory: 15987M
 Large Page Support: Disabled
 NUMA Support: Disabled
 Compressed Oops: Enabled (32-bit)
 Alignments: Space 512K, Generation 512K, Heap 2M
 Heap Min Capacity: 100M
 Heap Initial Capacity: 100M
 Heap Max Capacity: 2G
 Pre-touch: Disabled
 Parallel Workers: 10
Heap:
 PSYoungGen      total 10240K, used 4918K [0x00000000d5580000, 0x00000000d6500000, 0x0000000100000000)
  eden space 7168K, 30% used [0x00000000d5580000,0x00000000d57a5988,0x00000000d5c80000)
  from space 3072K, 88% used [0x00000000d5d00000,0x00000000d5fa8000,0x00000000d6000000)
  to   space 3584K, 0% used [0x00000000d6180000,0x00000000d6180000,0x00000000d6500000)
 ParOldGen       total 1177600K, used 216078K [0x0000000080000000, 0x00000000c7e00000, 0x00000000d5580000)
  object space 1177600K, 18% used [0x0000000080000000,0x000000008d3039b0,0x00000000c7e00000)
 Metaspace       used 93024K, committed 94912K, reserved 1179648K
  class space    used 10736K, committed 11648K, reserved 1048576K
GC Heap History (20 events):
Event: 2207.454 GC heap before
{Heap before GC invocations=3293 (full 5):
 PSYoungGen      total 3584K, used 3118K [0x00000000d5580000, 0x00000000d6080000, 0x0000000100000000)
  eden space 1536K, 94% used [0x00000000d5580000,0x00000000d56eaaa0,0x00000000d5700000)
  from space 2048K, 81% used [0x00000000d5700000,0x00000000d58a0ff8,0x00000000d5900000)
  to   space 4096K, 0% used [0x00000000d5c80000,0x00000000d5c80000,0x00000000d6080000)
 ParOldGen       total 1177600K, used 190952K [0x0000000080000000, 0x00000000c7e00000, 0x00000000d5580000)
  object space 1177600K, 16% used [0x0000000080000000,0x000000008ba7a290,0x00000000c7e00000)
 Metaspace       used 92997K, committed 94912K, reserved 1179648K
  class space    used 10736K, committed 11648K, reserved 1048576K
}
Event: 2207.458 GC heap after
{Heap after GC invocations=3293 (full 5):
 PSYoungGen      total 3584K, used 1531K [0x00000000d5580000, 0x00000000d5e00000, 0x0000000100000000)
  eden space 2048K, 0% used [0x00000000d5580000,0x00000000d5580000,0x00000000d5780000)
  from space 1536K, 99% used [0x00000000d5c80000,0x00000000d5dfef10,0x00000000d5e00000)
  to   space 2048K, 0% used [0x00000000d5a00000,0x00000000d5a00000,0x00000000d5c00000)
 ParOldGen       total 1177600K, used 192496K [0x0000000080000000, 0x00000000c7e00000, 0x00000000d5580000)
  object space 1177600K, 16% used [0x0000000080000000,0x000000008bbfc318,0x00000000c7e00000)
 Metaspace       used 92997K, committed 94912K, reserved 1179648K
  class space    used 10736K, committed 11648K, reserved 1048576K
}
Event: 2207.472 GC heap before
{Heap before GC invocations=3294 (full 5):
 PSYoungGen      total 3584K, used 3557K [0x00000000d5580000, 0x00000000d5e00000, 0x0000000100000000)
  eden space 2048K, 98% used [0x00000000d5580000,0x00000000d577a5c8,0x00000000d5780000)
  from space 1536K, 99% used [0x00000000d5c80000,0x00000000d5dfef10,0x00000000d5e00000)
  to   space 2048K, 0% used [0x00000000d5a00000,0x00000000d5a00000,0x00000000d5c00000)
 ParOldGen       total 1177600K, used 194211K [0x0000000080000000, 0x00000000c7e00000, 0x00000000d5580000)
  object space 1177600K, 16% used [0x0000000080000000,0x000000008bda8f18,0x00000000c7e00000)
 Metaspace       used 92997K, committed 94912K, reserved 1179648K
  class space    used 10736K, committed 11648K, reserved 1048576K
}
Event: 2207.476 GC heap after
{Heap after GC invocations=3294 (full 5):
 PSYoungGen      total 4608K, used 2028K [0x00000000d5580000, 0x00000000d6000000, 0x0000000100000000)
  eden space 2560K, 0% used [0x00000000d5580000,0x00000000d5580000,0x00000000d5800000)
  from space 2048K, 99% used [0x00000000d5a00000,0x00000000d5bfb1b0,0x00000000d5c00000)
  to   space 4096K, 0% used [0x00000000d5c00000,0x00000000d5c00000,0x00000000d6000000)
 ParOldGen       total 1177600K, used 195636K [0x0000000080000000, 0x00000000c7e00000, 0x00000000d5580000)
  object space 1177600K, 16% used [0x0000000080000000,0x000000008bf0d3d8,0x00000000c7e00000)
 Metaspace       used 92997K, committed 94912K, reserved 1179648K
  class space    used 10736K, committed 11648K, reserved 1048576K
}
Event: 2207.492 GC heap before
{Heap before GC invocations=3295 (full 5):
 PSYoungGen      total 4608K, used 4496K [0x00000000d5580000, 0x00000000d6000000, 0x0000000100000000)
  eden space 2560K, 96% used [0x00000000d5580000,0x00000000d57e91c0,0x00000000d5800000)
  from space 2048K, 99% used [0x00000000d5a00000,0x00000000d5bfb1b0,0x00000000d5c00000)
  to   space 4096K, 0% used [0x00000000d5c00000,0x00000000d5c00000,0x00000000d6000000)
 ParOldGen       total 1177600K, used 195636K [0x0000000080000000, 0x00000000c7e00000, 0x00000000d5580000)
  object space 1177600K, 16% used [0x0000000080000000,0x000000008bf0d3d8,0x00000000c7e00000)
 Metaspace       used 92997K, committed 94912K, reserved 1179648K
  class space    used 10736K, committed 11648K, reserved 1048576K
}
Event: 2207.498 GC heap after
{Heap after GC invocations=3295 (full 5):
 PSYoungGen      total 5632K, used 2535K [0x00000000d5580000, 0x00000000d5e80000, 0x0000000100000000)
  eden space 3072K, 0% used [0x00000000d5580000,0x00000000d5580000,0x00000000d5880000)
  from space 2560K, 99% used [0x00000000d5c00000,0x00000000d5e79d50,0x00000000d5e80000)
  to   space 3072K, 0% used [0x00000000d5880000,0x00000000d5880000,0x00000000d5b80000)
 ParOldGen       total 1177600K, used 197590K [0x0000000080000000, 0x00000000c7e00000, 0x00000000d5580000)
  object space 1177600K, 16% used [0x0000000080000000,0x000000008c0f58a8,0x00000000c7e00000)
 Metaspace       used 92997K, committed 94912K, reserved 1179648K
  class space    used 10736K, committed 11648K, reserved 1048576K
}
Event: 2207.525 GC heap before
{Heap before GC invocations=3296 (full 5):
 PSYoungGen      total 5632K, used 5595K [0x00000000d5580000, 0x00000000d5e80000, 0x0000000100000000)
  eden space 3072K, 99% used [0x00000000d5580000,0x00000000d587d1c8,0x00000000d5880000)
  from space 2560K, 99% used [0x00000000d5c00000,0x00000000d5e79d50,0x00000000d5e80000)
  to   space 3072K, 0% used [0x00000000d5880000,0x00000000d5880000,0x00000000d5b80000)
 ParOldGen       total 1177600K, used 197590K [0x0000000080000000, 0x00000000c7e00000, 0x00000000d5580000)
  object space 1177600K, 16% used [0x0000000080000000,0x000000008c0f58a8,0x00000000c7e00000)
 Metaspace       used 92997K, committed 94912K, reserved 1179648K
  class space    used 10736K, committed 11648K, reserved 1048576K
}
Event: 2207.531 GC heap after
{Heap after GC invocations=3296 (full 5):
 PSYoungGen      total 6144K, used 1381K [0x00000000d5580000, 0x00000000d5d80000, 0x0000000100000000)
  eden space 3072K, 0% used [0x00000000d5580000,0x00000000d5580000,0x00000000d5880000)
  from space 3072K, 44% used [0x00000000d5880000,0x00000000d59d95b0,0x00000000d5b80000)
  to   space 2048K, 0% used [0x00000000d5b80000,0x00000000d5b80000,0x00000000d5d80000)
 ParOldGen       total 1177600K, used 199966K [0x0000000080000000, 0x00000000c7e00000, 0x00000000d5580000)
  object space 1177600K, 16% used [0x0000000080000000,0x000000008c347b80,0x00000000c7e00000)
 Metaspace       used 92997K, committed 94912K, reserved 1179648K
  class space    used 10736K, committed 11648K, reserved 1048576K
}
Event: 2207.635 GC heap before
{Heap before GC invocations=3297 (full 5):
 PSYoungGen      total 6144K, used 4453K [0x00000000d5580000, 0x00000000d5d80000, 0x0000000100000000)
  eden space 3072K, 100% used [0x00000000d5580000,0x00000000d5880000,0x00000000d5880000)
  from space 3072K, 44% used [0x00000000d5880000,0x00000000d59d95b0,0x00000000d5b80000)
  to   space 2048K, 0% used [0x00000000d5b80000,0x00000000d5b80000,0x00000000d5d80000)
 ParOldGen       total 1177600K, used 199966K [0x0000000080000000, 0x00000000c7e00000, 0x00000000d5580000)
  object space 1177600K, 16% used [0x0000000080000000,0x000000008c347b80,0x00000000c7e00000)
 Metaspace       used 92998K, committed 94912K, reserved 1179648K
  class space    used 10736K, committed 11648K, reserved 1048576K
}
Event: 2207.639 GC heap after
{Heap after GC invocations=3297 (full 5):
 PSYoungGen      total 5120K, used 1928K [0x00000000d5580000, 0x00000000d5d80000, 0x0000000100000000)
  eden space 3072K, 0% used [0x00000000d5580000,0x00000000d5580000,0x00000000d5880000)
  from space 2048K, 94% used [0x00000000d5b80000,0x00000000d5d623c0,0x00000000d5d80000)
  to   space 2048K, 0% used [0x00000000d5980000,0x00000000d5980000,0x00000000d5b80000)
 ParOldGen       total 1177600K, used 200589K [0x0000000080000000, 0x00000000c7e00000, 0x00000000d5580000)
  object space 1177600K, 17% used [0x0000000080000000,0x000000008c3e35f0,0x00000000c7e00000)
 Metaspace       used 92998K, committed 94912K, reserved 1179648K
  class space    used 10736K, committed 11648K, reserved 1048576K
}
Event: 2207.654 GC heap before
{Heap before GC invocations=3298 (full 5):
 PSYoungGen      total 5120K, used 5000K [0x00000000d5580000, 0x00000000d5d80000, 0x0000000100000000)
  eden space 3072K, 100% used [0x00000000d5580000,0x00000000d5880000,0x00000000d5880000)
  from space 2048K, 94% used [0x00000000d5b80000,0x00000000d5d623c0,0x00000000d5d80000)
  to   space 2048K, 0% used [0x00000000d5980000,0x00000000d5980000,0x00000000d5b80000)
 ParOldGen       total 1177600K, used 200589K [0x0000000080000000, 0x00000000c7e00000, 0x00000000d5580000)
  object space 1177600K, 17% used [0x0000000080000000,0x000000008c3e35f0,0x00000000c7e00000)
 Metaspace       used 92998K, committed 94912K, reserved 1179648K
  class space    used 10736K, committed 11648K, reserved 1048576K
}
Event: 2207.663 GC heap after
{Heap after GC invocations=3298 (full 5):
 PSYoungGen      total 6144K, used 2048K [0x00000000d5580000, 0x00000000d6380000, 0x0000000100000000)
  eden space 4096K, 0% used [0x00000000d5580000,0x00000000d5580000,0x00000000d5980000)
  from space 2048K, 100% used [0x00000000d5980000,0x00000000d5b80000,0x00000000d5b80000)
  to   space 5120K, 0% used [0x00000000d5e80000,0x00000000d5e80000,0x00000000d6380000)
 ParOldGen       total 1177600K, used 203086K [0x0000000080000000, 0x00000000c7e00000, 0x00000000d5580000)
  object space 1177600K, 17% used [0x0000000080000000,0x000000008c6539b0,0x00000000c7e00000)
 Metaspace       used 92998K, committed 94912K, reserved 1179648K
  class space    used 10736K, committed 11648K, reserved 1048576K
}
Event: 2207.683 GC heap before
{Heap before GC invocations=3299 (full 5):
 PSYoungGen      total 6144K, used 6144K [0x00000000d5580000, 0x00000000d6380000, 0x0000000100000000)
  eden space 4096K, 100% used [0x00000000d5580000,0x00000000d5980000,0x00000000d5980000)
  from space 2048K, 100% used [0x00000000d5980000,0x00000000d5b80000,0x00000000d5b80000)
  to   space 5120K, 0% used [0x00000000d5e80000,0x00000000d5e80000,0x00000000d6380000)
 ParOldGen       total 1177600K, used 203086K [0x0000000080000000, 0x00000000c7e00000, 0x00000000d5580000)
  object space 1177600K, 17% used [0x0000000080000000,0x000000008c6539b0,0x00000000c7e00000)
 Metaspace       used 92998K, committed 94912K, reserved 1179648K
  class space    used 10736K, committed 11648K, reserved 1048576K
}
Event: 2207.693 GC heap after
{Heap after GC invocations=3299 (full 5):
 PSYoungGen      total 9728K, used 4160K [0x00000000d5580000, 0x00000000d6380000, 0x0000000100000000)
  eden space 4608K, 0% used [0x00000000d5580000,0x00000000d5580000,0x00000000d5a00000)
  from space 5120K, 81% used [0x00000000d5e80000,0x00000000d6290000,0x00000000d6380000)
  to   space 4608K, 0% used [0x00000000d5a00000,0x00000000d5a00000,0x00000000d5e80000)
 ParOldGen       total 1177600K, used 205166K [0x0000000080000000, 0x00000000c7e00000, 0x00000000d5580000)
  object space 1177600K, 17% used [0x0000000080000000,0x000000008c85b9b0,0x00000000c7e00000)
 Metaspace       used 92998K, committed 94912K, reserved 1179648K
  class space    used 10736K, committed 11648K, reserved 1048576K
}
Event: 2207.716 GC heap before
{Heap before GC invocations=3300 (full 5):
 PSYoungGen      total 9728K, used 8768K [0x00000000d5580000, 0x00000000d6380000, 0x0000000100000000)
  eden space 4608K, 100% used [0x00000000d5580000,0x00000000d5a00000,0x00000000d5a00000)
  from space 5120K, 81% used [0x00000000d5e80000,0x00000000d6290000,0x00000000d6380000)
  to   space 4608K, 0% used [0x00000000d5a00000,0x00000000d5a00000,0x00000000d5e80000)
 ParOldGen       total 1177600K, used 205166K [0x0000000080000000, 0x00000000c7e00000, 0x00000000d5580000)
  object space 1177600K, 17% used [0x0000000080000000,0x000000008c85b9b0,0x00000000c7e00000)
 Metaspace       used 92998K, committed 94912K, reserved 1179648K
  class space    used 10736K, committed 11648K, reserved 1048576K
}
Event: 2207.734 GC heap after
{Heap after GC invocations=3300 (full 5):
 PSYoungGen      total 9216K, used 4608K [0x00000000d5580000, 0x00000000d6e00000, 0x0000000100000000)
  eden space 4608K, 0% used [0x00000000d5580000,0x00000000d5580000,0x00000000d5a00000)
  from space 4608K, 100% used [0x00000000d5a00000,0x00000000d5e80000,0x00000000d5e80000)
  to   space 9728K, 0% used [0x00000000d6480000,0x00000000d6480000,0x00000000d6e00000)
 ParOldGen       total 1177600K, used 209238K [0x0000000080000000, 0x00000000c7e00000, 0x00000000d5580000)
  object space 1177600K, 17% used [0x0000000080000000,0x000000008cc559b0,0x00000000c7e00000)
 Metaspace       used 92998K, committed 94912K, reserved 1179648K
  class space    used 10736K, committed 11648K, reserved 1048576K
}
Event: 2207.786 GC heap before
{Heap before GC invocations=3301 (full 5):
 PSYoungGen      total 9216K, used 8841K [0x00000000d5580000, 0x00000000d6e00000, 0x0000000100000000)
  eden space 4608K, 91% used [0x00000000d5580000,0x00000000d59a2500,0x00000000d5a00000)
  from space 4608K, 100% used [0x00000000d5a00000,0x00000000d5e80000,0x00000000d5e80000)
  to   space 9728K, 0% used [0x00000000d6480000,0x00000000d6480000,0x00000000d6e00000)
 ParOldGen       total 1177600K, used 209238K [0x0000000080000000, 0x00000000c7e00000, 0x00000000d5580000)
  object space 1177600K, 17% used [0x0000000080000000,0x000000008cc559b0,0x00000000c7e00000)
 Metaspace       used 92998K, committed 94912K, reserved 1179648K
  class space    used 10736K, committed 11648K, reserved 1048576K
}
Event: 2207.804 GC heap after
{Heap after GC invocations=3301 (full 5):
 PSYoungGen      total 9216K, used 3376K [0x00000000d5580000, 0x00000000d6800000, 0x0000000100000000)
  eden space 5632K, 0% used [0x00000000d5580000,0x00000000d5580000,0x00000000d5b00000)
  from space 3584K, 94% used [0x00000000d6480000,0x00000000d67cc000,0x00000000d6800000)
  to   space 5632K, 0% used [0x00000000d5d00000,0x00000000d5d00000,0x00000000d6280000)
 ParOldGen       total 1177600K, used 213870K [0x0000000080000000, 0x00000000c7e00000, 0x00000000d5580000)
  object space 1177600K, 18% used [0x0000000080000000,0x000000008d0db9b0,0x00000000c7e00000)
 Metaspace       used 92998K, committed 94912K, reserved 1179648K
  class space    used 10736K, committed 11648K, reserved 1048576K
}
Event: 2217.632 GC heap before
{Heap before GC invocations=3302 (full 5):
 PSYoungGen      total 9216K, used 9008K [0x00000000d5580000, 0x00000000d6800000, 0x0000000100000000)
  eden space 5632K, 100% used [0x00000000d5580000,0x00000000d5b00000,0x00000000d5b00000)
  from space 3584K, 94% used [0x00000000d6480000,0x00000000d67cc000,0x00000000d6800000)
  to   space 5632K, 0% used [0x00000000d5d00000,0x00000000d5d00000,0x00000000d6280000)
 ParOldGen       total 1177600K, used 213870K [0x0000000080000000, 0x00000000c7e00000, 0x00000000d5580000)
  object space 1177600K, 18% used [0x0000000080000000,0x000000008d0db9b0,0x00000000c7e00000)
 Metaspace       used 92998K, committed 94912K, reserved 1179648K
  class space    used 10736K, committed 11648K, reserved 1048576K
}
Event: 2217.647 GC heap after
{Heap after GC invocations=3302 (full 5):
 PSYoungGen      total 10240K, used 2720K [0x00000000d5580000, 0x00000000d6500000, 0x0000000100000000)
  eden space 7168K, 0% used [0x00000000d5580000,0x00000000d5580000,0x00000000d5c80000)
  from space 3072K, 88% used [0x00000000d5d00000,0x00000000d5fa8000,0x00000000d6000000)
  to   space 3584K, 0% used [0x00000000d6180000,0x00000000d6180000,0x00000000d6500000)
 ParOldGen       total 1177600K, used 216078K [0x0000000080000000, 0x00000000c7e00000, 0x00000000d5580000)
  object space 1177600K, 18% used [0x0000000080000000,0x000000008d3039b0,0x00000000c7e00000)
 Metaspace       used 92998K, committed 94912K, reserved 1179648K
  class space    used 10736K, committed 11648K, reserved 1048576K
}

